producer_class	xtools.gsea.GseaPreranked
producer_timestamp	1706650866145
param	rpt_label	cond1.vs.cond2
param	rnd_seed	42
param	set_min	15
param	zip_report	false
param	create_svgs	false
param	scoring_scheme	weighted
param	rnk	/Users/luopin/GSEA_test/ENCODE_RNA-seq/PET/example_new/cond1.vs.cond2.rnk
param	norm	meandiv
param	out	/Users/luopin/GSEA_test/ENCODE_RNA-seq/PET/example_new
param	mode	Max_probe
param	include_only_symbols	true
param	help	false
param	set_max	500
param	gmx	example_new/c2.cp.kegg.v2023.1.Hs.symbols.gmt
param	make_sets	true
param	plot_top_x	5
param	gui	false
param	nperm	1000
param	collapse	No_Collapse

file	example_new/cond1.vs.cond2.GseaPreranked.1706650866145/index.html
